<?xml version="1.0" encoding="UTF-8"?>
<!-- Generated by org.testng.reporters.JUnitReportReporter -->
<testsuite hostname="DESKTOP-4N8SH0B" failures="0" tests="1" name="com.w2a.testCases.SwapnoTest" time="3.079" errors="0" timestamp="2021-02-09T23:24:09 BDT" skipped="0">
  <testcase classname="com.w2a.testCases.SwapnoTest" name="operation" time="3.079"/>
  <system-out/>
</testsuite> <!-- com.w2a.testCases.SwapnoTest -->
